c:\users\koral\onedrive\שולחן העבודה\תואר\שנה ג\c++\avivyampolsky_morbenayoun_roimarkovitz - coffeeshop\coffeeshop\x64\debug\vc142.pdb
c:\users\koral\onedrive\שולחן העבודה\תואר\שנה ג\c++\avivyampolsky_morbenayoun_roimarkovitz - coffeeshop\coffeeshop\x64\debug\vc142.idb
c:\users\koral\onedrive\שולחן העבודה\תואר\שנה ג\c++\avivyampolsky_morbenayoun_roimarkovitz - coffeeshop\coffeeshop\x64\debug\shift.obj
c:\users\koral\onedrive\שולחן העבודה\תואר\שנה ג\c++\avivyampolsky_morbenayoun_roimarkovitz - coffeeshop\coffeeshop\x64\debug\salad.obj
c:\users\koral\onedrive\שולחן העבודה\תואר\שנה ג\c++\avivyampolsky_morbenayoun_roimarkovitz - coffeeshop\coffeeshop\x64\debug\product.obj
c:\users\koral\onedrive\שולחן העבודה\תואר\שנה ג\c++\avivyampolsky_morbenayoun_roimarkovitz - coffeeshop\coffeeshop\x64\debug\person.obj
c:\users\koral\onedrive\שולחן העבודה\תואר\שנה ג\c++\avivyampolsky_morbenayoun_roimarkovitz - coffeeshop\coffeeshop\x64\debug\order.obj
c:\users\koral\onedrive\שולחן העבודה\תואר\שנה ג\c++\avivyampolsky_morbenayoun_roimarkovitz - coffeeshop\coffeeshop\x64\debug\main.obj
c:\users\koral\onedrive\שולחן העבודה\תואר\שנה ג\c++\avivyampolsky_morbenayoun_roimarkovitz - coffeeshop\coffeeshop\x64\debug\functions.obj
c:\users\koral\onedrive\שולחן העבודה\תואר\שנה ג\c++\avivyampolsky_morbenayoun_roimarkovitz - coffeeshop\coffeeshop\x64\debug\employee.obj
c:\users\koral\onedrive\שולחן העבודה\תואר\שנה ג\c++\avivyampolsky_morbenayoun_roimarkovitz - coffeeshop\coffeeshop\x64\debug\date.obj
c:\users\koral\onedrive\שולחן העבודה\תואר\שנה ג\c++\avivyampolsky_morbenayoun_roimarkovitz - coffeeshop\coffeeshop\x64\debug\customer.obj
c:\users\koral\onedrive\שולחן העבודה\תואר\שנה ג\c++\avivyampolsky_morbenayoun_roimarkovitz - coffeeshop\coffeeshop\x64\debug\cookiecoffee.obj
c:\users\koral\onedrive\שולחן העבודה\תואר\שנה ג\c++\avivyampolsky_morbenayoun_roimarkovitz - coffeeshop\coffeeshop\x64\debug\cookie.obj
c:\users\koral\onedrive\שולחן העבודה\תואר\שנה ג\c++\avivyampolsky_morbenayoun_roimarkovitz - coffeeshop\coffeeshop\x64\debug\coffeeshop.obj
c:\users\koral\onedrive\שולחן העבודה\תואר\שנה ג\c++\avivyampolsky_morbenayoun_roimarkovitz - coffeeshop\coffeeshop\x64\debug\coffee.obj
c:\users\koral\onedrive\שולחן העבודה\תואר\שנה ג\c++\avivyampolsky_morbenayoun_roimarkovitz - coffeeshop\coffeeshop\x64\debug\address.obj
c:\users\koral\onedrive\שולחן העבודה\תואר\שנה ג\c++\avivyampolsky_morbenayoun_roimarkovitz - coffeeshop\coffeeshop\x64\debug\coffeeshop.ilk
c:\users\koral\onedrive\שולחן העבודה\תואר\שנה ג\c++\avivyampolsky_morbenayoun_roimarkovitz - coffeeshop\coffeeshop\x64\debug\coffeeshop.exe
c:\users\koral\onedrive\שולחן העבודה\תואר\שנה ג\c++\avivyampolsky_morbenayoun_roimarkovitz - coffeeshop\coffeeshop\x64\debug\coffeeshop.pdb
c:\users\koral\onedrive\שולחן העבודה\תואר\שנה ג\c++\avivyampolsky_morbenayoun_roimarkovitz - coffeeshop\coffeeshop\x64\debug\coffeeshop.tlog\cl.command.1.tlog
c:\users\koral\onedrive\שולחן העבודה\תואר\שנה ג\c++\avivyampolsky_morbenayoun_roimarkovitz - coffeeshop\coffeeshop\x64\debug\coffeeshop.tlog\cl.read.1.tlog
c:\users\koral\onedrive\שולחן העבודה\תואר\שנה ג\c++\avivyampolsky_morbenayoun_roimarkovitz - coffeeshop\coffeeshop\x64\debug\coffeeshop.tlog\cl.write.1.tlog
c:\users\koral\onedrive\שולחן העבודה\תואר\שנה ג\c++\avivyampolsky_morbenayoun_roimarkovitz - coffeeshop\coffeeshop\x64\debug\coffeeshop.tlog\link.command.1.tlog
c:\users\koral\onedrive\שולחן העבודה\תואר\שנה ג\c++\avivyampolsky_morbenayoun_roimarkovitz - coffeeshop\coffeeshop\x64\debug\coffeeshop.tlog\link.read.1.tlog
c:\users\koral\onedrive\שולחן העבודה\תואר\שנה ג\c++\avivyampolsky_morbenayoun_roimarkovitz - coffeeshop\coffeeshop\x64\debug\coffeeshop.tlog\link.write.1.tlog
